<?xml version="1.0" encoding="UTF-8"?>
<!-- Generated by org.testng.reporters.JUnitXMLReporter -->
<testsuite hostname="DESKTOP-QUKQUNJ" name="Chrome BROWSER LOGIN" tests="1" failures="1" timestamp="22 Sep 2020 20:39:24 GMT" time="9.925" errors="0">
  <testcase name="Entertexbox" time="4.882" classname="com.Banking.testcases.TC_Iframe">
    <failure type="java.lang.NullPointerException">
      <![CDATA[java.lang.NullPointerException
	at com.Banking.pageobjects.Iframe_Page.entertext(Iframe_Page.java:20)
	at com.Banking.testcases.TC_Iframe.Entertexbox(TC_Iframe.java:12)
... Removed 24 stack frames]]>
    </failure>
  </testcase> <!-- Entertexbox -->
</testsuite> <!-- Chrome BROWSER LOGIN -->
