<?xml version="1.0" encoding="UTF-8"?>
<!-- Generated by org.testng.reporters.JUnitXMLReporter -->
<testsuite hostname="DESKTOP-QUKQUNJ" name="EDGE BROWSER LOGIN" tests="1" failures="1" timestamp="22 Sep 2020 20:26:01 GMT" time="16.608" errors="0">
  <testcase name="textbox" time="6.034" classname="com.Banking.testcases.TC_Iframe">
    <failure type="java.lang.NullPointerException">
      <![CDATA[java.lang.NullPointerException
	at com.Banking.pageobjects.Iframe_Page.entertext(Iframe_Page.java:20)
	at com.Banking.testcases.TC_Iframe.textbox(TC_Iframe.java:11)
... Removed 24 stack frames]]>
    </failure>
  </testcase> <!-- textbox -->
</testsuite> <!-- EDGE BROWSER LOGIN -->
